testappmodule/build/intermediates/manifest_merge_blame_file/debug/manifest-merger-blame-debug-report.txt
1<?xml version="1.0" encoding="utf-8"?>
2<manifest xmlns:android="http://schemas.android.com/apk/res/android"
3    package="com.testcognito.testappmodule" >
4
5    <uses-sdk
6        android:minSdkVersion="16"
6-->src/main/AndroidManifest.xml
7        android:targetSdkVersion="30" />
7-->src/main/AndroidManifest.xml
8
9    <application
9-->src/main/AndroidManifest.xml:5:5-17:19
10        android:allowBackup="true"
10-->src/main/AndroidManifest.xml:6:9-35
11        android:icon="@mipmap/ic_launcher"
11-->src/main/AndroidManifest.xml:7:9-43
12        android:label="@string/app_name"
12-->src/main/AndroidManifest.xml:8:9-41
13        android:roundIcon="@mipmap/ic_launcher_round"
13-->src/main/AndroidManifest.xml:9:9-54
14        android:supportsRtl="true"
14-->src/main/AndroidManifest.xml:10:9-35
15        android:theme="@style/Theme.TestApp" >
15-->src/main/AndroidManifest.xml:11:9-45
16        <activity
16-->src/main/AndroidManifest.xml:12:9-16:20
17            android:name="com.testcognito.testappmodule.ScrollingActivity"
17-->src/main/AndroidManifest.xml:13:13-46
18            android:label="@string/app_name"
18-->src/main/AndroidManifest.xml:14:13-45
19            android:theme="@style/Theme.TestApp.NoActionBar" >
19-->src/main/AndroidManifest.xml:15:13-61
20        </activity>
21    </application>
22
23</manifest>